<?xml version="1.0" encoding="UTF-8"?>
<!-- Generated by org.testng.reporters.JUnitReportReporter -->
<testsuite hostname="Kiran-PC" failures="0" tests="1" name="practice.ParameterTest1" time="0.138" errors="0" timestamp="2023-04-20T19:14:45 IST" skipped="0">
  <testcase classname="practice.ParameterTest1" name="method1" time="0.138"/>
  <system-out/>
</testsuite> <!-- practice.ParameterTest1 -->
