<?xml version="1.0" encoding="UTF-8"?>
<!-- Generated by org.testng.reporters.JUnitReportReporter -->
<testsuite hostname="Kiran-PC" failures="0" tests="1" name="practice.Test1" time="0.076" errors="0" timestamp="2023-04-18T22:28:06 IST" skipped="0">
  <testcase classname="practice.Test1" name="method1" time="0.076"/>
  <system-out/>
</testsuite> <!-- practice.Test1 -->
